[15:03:57] Added 1 × Fire
[15:03:57] Roster → Added 1 × Fire Elemental
[15:03:59] Added 1 × Goblin
[15:03:59] Roster → Added 1 × Goblin
[15:04:07] Added 1 × Acolyte
[15:04:07] Roster → Added 1 × Acolyte
[15:04:42] Roster → Prepared dialog block for 'Knight' with portrait='(none)'
[15:05:32] Turn → Goblin (Round 1)
[15:05:32] Turn → Acolyte (Round 1)
[15:05:33] Turn → Fire Elemental (Round 2)
[15:05:33] Turn → Goblin (Round 2)
[15:05:34] Turn → Acolyte (Round 2)
[15:05:34] Turn → Fire Elemental (Round 3)
[15:05:35] Turn → Goblin (Round 3)
[15:05:37] Goblin: HP -5 → 2/7
[15:05:43] Acolyte: HP -5 → 4/9
[15:05:54] Turn → Acolyte (Round 3)
[15:06:20] Removed 1 combatant(s)
[15:06:21] Added 1 × Goblin
[15:06:21] Duplicated 1 combatant(s)
[15:06:23] Removed 1 combatant(s)
[15:06:24] Removed 1 combatant(s)
[15:06:25] Removed 1 combatant(s)
[15:06:28] Sent combat: currentcombat1
[10:06:18] thane: HP -5 → 5/10
[10:06:22] thane: HP -1 → 4/10
[10:06:22] thane: HP -1 → 3/10
[10:06:23] thane: HP -1 → 2/10
[10:06:23] thane: HP -1 → 1/10
[10:06:23] thane: HP -1 → 0/10
[10:06:25] thane: HP +5 → 5/10
[10:06:25] thane: HP +5 → 10/10
[18:39:39] Sent dialog: Dialog Test 1
[20:18:46] Sent dialog: Dialog Test 1
[20:18:51] Dialog → 2/3
[20:18:51] Dialog → 3/3
[20:18:52] Dialog ← 2/3
[20:18:52] Dialog ← 1/3
[22:03:13] Roster: failed to load Draw Steel - Angels, Elements, Constructs.json: Expecting value: line 6 column 5 (char 159)
[22:03:13] Roster: failed to load Draw Steel - Constructs, War Dogs.json: Expecting value: line 6 column 5 (char 140)
[22:03:13] Roster: failed to load Draw Steel - Humans.json: Expecting value: line 6 column 5 (char 139)
[22:03:13] Roster: failed to load Draw Steel - Monster Armies.json: Expecting value: line 6 column 5 (char 136)
[22:04:36] Sent combat: currentcombat1
[16:30:50] Roster: failed to load Draw Steel - Angels, Elements, Constructs.json: Expecting value: line 6 column 5 (char 159)
[16:30:50] Roster: failed to load Draw Steel - Constructs, War Dogs.json: Expecting value: line 6 column 5 (char 140)
[16:30:50] Roster: failed to load Draw Steel - Humans.json: Expecting value: line 6 column 5 (char 139)
[16:30:50] Roster: failed to load Draw Steel - Monster Armies.json: Expecting value: line 6 column 5 (char 136)
[2025-09-07T17:18:35+00:00] Combatants loaded from file.
[2025-09-07T17:18:35+00:00] Dialog loaded from file.
[2025-09-07T17:18:44+00:00] Combatants loaded from file.
[2025-09-07T17:18:44+00:00] Dialog loaded from file.
[2025-09-07T17:18:51+00:00] Loaded combat encounter: currentcombat1
[2025-09-07T17:23:28+00:00] Combatants loaded from file.
[2025-09-07T17:23:28+00:00] Dialog loaded from file.
[2025-09-07T17:23:42+00:00] Combatants loaded from file.
[2025-09-07T17:23:42+00:00] Dialog loaded from file.
[2025-09-07T17:23:50+00:00] Added roster 'Draw Steel - Ogres' to combat.
[2025-09-07T17:27:30+00:00] Combatants loaded from file.
[2025-09-07T17:27:30+00:00] Dialog loaded from file.
[2025-09-07T17:28:51+00:00] Combatants loaded from file.
[2025-09-07T17:28:51+00:00] Dialog loaded from file.
[2025-09-07T17:51:45+00:00] Combatants loaded from file.
[2025-09-07T17:51:45+00:00] Dialog loaded from file.
[2025-09-07T18:13:40+00:00] Combatants loaded from file.
[2025-09-07T18:13:40+00:00] Dialog loaded from file.
[2025-09-07T18:28:28+00:00] Combatants loaded from file.
[2025-09-07T18:28:28+00:00] Dialog loaded from file.
[2025-09-07T18:54:20+00:00] Combatants loaded from file.
[2025-09-07T18:54:20+00:00] Dialog loaded from file.
[2025-09-07T18:54:21+00:00] Selected roster 'Draw Steel - Aberrations, Horrors': 0 character(s).
[2025-09-07T18:54:21+00:00] Selected roster 'Draw Steel - Aberrations, Horrors': 0 character(s).
[2025-09-07T18:54:22+00:00] Selected roster 'Draw Steel - Humans': 0 character(s).
[2025-09-07T18:54:22+00:00] Selected roster 'Draw Steel - Humans': 0 character(s).
[2025-09-07T18:54:23+00:00] Selected roster 'SRD Creatures (2024) - Humanoids': 0 character(s).
[2025-09-07T18:54:23+00:00] Selected roster 'SRD Creatures (2024) - Humanoids': 0 character(s).
[2025-09-07T18:54:23+00:00] Selected roster 'SRD Creatures (2024) -Beasts & Animals': 0 character(s).
[2025-09-07T18:54:23+00:00] Selected roster 'SRD Creatures (2024) -Beasts & Animals': 0 character(s).
[2025-09-07T18:54:23+00:00] Selected roster 'Draw Steel - Yuan-ti': 0 character(s).
[2025-09-07T18:54:23+00:00] Selected roster 'Draw Steel - Yuan-ti': 0 character(s).
[2025-09-07T18:54:24+00:00] Selected roster 'Draw Steel - Fey, Tricksters': 0 character(s).
[2025-09-07T18:54:24+00:00] Selected roster 'Draw Steel - Fey, Tricksters': 0 character(s).
[2025-09-07T18:54:24+00:00] Selected roster 'Draw Steel - Constructs, War Dogs': 0 character(s).
[2025-09-07T18:54:24+00:00] Selected roster 'Draw Steel - Constructs, War Dogs': 0 character(s).
[2025-09-07T18:54:25+00:00] Selected roster 'Draw Steel - Trolls': 0 character(s).
[2025-09-07T18:54:25+00:00] Selected roster 'Draw Steel - Trolls': 0 character(s).
[2025-09-07T18:54:25+00:00] Selected roster 'SRD Creatures (2024) - Giants & Monstrosities': 0 character(s).
[2025-09-07T18:54:25+00:00] Selected roster 'SRD Creatures (2024) - Giants & Monstrosities': 0 character(s).
[2025-09-07T18:58:49+00:00] Combatants loaded from file.
[2025-09-07T18:58:49+00:00] Dialog loaded from file.
[2025-09-07T18:58:50+00:00] Selected roster 'Draw Steel - Aberrations, Horrors': 0 character(s).
[2025-09-07T18:58:51+00:00] Selected roster 'Draw Steel - Monster Armies': 0 character(s).
[2025-09-07T18:58:51+00:00] Selected roster 'SRD Creatures (2024) - Celestials & Elementals': 0 character(s).
[2025-09-07T18:58:52+00:00] Selected roster 'SRD Creatures (2024) - Undead': 0 character(s).
[2025-09-07T18:58:52+00:00] Selected roster 'Draw Steel - Chimeras, Behemoths': 0 character(s).
[2025-09-07T18:58:53+00:00] Selected roster 'Draw Steel - Angels, Elements, Constructs': 0 character(s).
[2025-09-07T18:58:54+00:00] Selected roster 'Draw Steel - Harpies': 0 character(s).
[2025-09-07T18:58:54+00:00] Selected roster 'SRD Creatures (2024) - Giants & Monstrosities': 0 character(s).
[2025-09-07T18:58:55+00:00] Selected roster 'SRD Creatures (2024) - Fiends': 0 character(s).
[2025-09-07T18:58:55+00:00] Selected roster 'SRD Creatures (2024) - Celestials & Elementals': 0 character(s).
[2025-09-07T18:58:55+00:00] Selected roster 'Draw Steel - Yuan-ti': 0 character(s).
[2025-09-07T18:58:55+00:00] Selected roster 'Draw Steel - Minotaurs': 0 character(s).
[2025-09-07T18:58:56+00:00] Selected roster 'Draw Steel - Giants': 0 character(s).
[2025-09-07T19:15:49+00:00] Combatants loaded from file.
[2025-09-07T19:15:49+00:00] Dialog loaded from file.
[2025-09-07T19:15:51+00:00] Selected roster 'Draw Steel - Aberrations, Horrors': 0 character(s).
[2025-09-07T19:15:53+00:00] Selected roster 'Draw Steel - Ogres': 0 character(s).
[2025-09-07T19:16:14+00:00] Combatants loaded from file.
[2025-09-07T19:16:14+00:00] Dialog loaded from file.
[2025-09-07T19:16:15+00:00] Selected roster 'Draw Steel - Aberrations, Horrors': 0 character(s).
[2025-09-07T19:24:13+00:00] Combatants loaded from file.
[2025-09-07T19:24:13+00:00] Dialog loaded from file.
[2025-09-07T19:24:14+00:00] Selected roster 'Draw Steel - Aberrations, Horrors': 0 character(s).
[2025-09-07T19:24:15+00:00] Selected roster 'Draw Steel - Fey, Tricksters': 0 character(s).
[2025-09-07T19:24:32+00:00] Selected roster 'Draw Steel - Minotaurs': 0 character(s).
[2025-09-07T19:32:54+00:00] Combatants loaded from file.
[2025-09-07T19:32:54+00:00] Dialog loaded from file.
[2025-09-07T19:32:55+00:00] Selected roster 'Draw Steel - Aberrations, Horrors': 0 character(s).
[2025-09-07T19:32:57+00:00] Selected roster 'Draw Steel - Undead': 0 character(s).
[2025-09-07T20:22:15+00:00] Combatants loaded from file.
[2025-09-07T20:22:15+00:00] Dialog loaded from file.
[2025-09-07T20:22:16+00:00] Selected roster 'Draw Steel - Aberrations, Horrors': 0 character(s).
[2025-09-07T20:31:27+00:00] Combatants loaded from file.
[2025-09-07T20:31:27+00:00] Dialog loaded from file.
[2026-02-13T15:27:15+00:00] Combatants loaded from file.
[2026-02-13T15:27:15+00:00] Dialog loaded from file.
[2026-02-13T15:29:26+00:00] Combatants loaded from file.
[2026-02-13T15:29:26+00:00] Dialog loaded from file.
[2026-02-13T15:32:18+00:00] Combatants loaded from file.
[2026-02-13T15:32:18+00:00] Dialog loaded from file.
[2026-02-13T15:33:05+00:00] Rolled initiative for all.
[2026-02-13T15:33:05+00:00] Sorted by initiative.
[2026-02-13T17:46:57+00:00] Combatants loaded from file.
[2026-02-13T17:46:57+00:00] Dialog loaded from file.
[2026-02-13T17:49:18+00:00] Combatants loaded from file.
[2026-02-13T17:49:18+00:00] Dialog loaded from file.
[2026-02-13T18:28:59+00:00] Combatants loaded from file.
[2026-02-13T18:28:59+00:00] Dialog loaded from file.
[2026-02-13T18:29:49+00:00] Added 1 x 'Blane' from search.
[2026-02-13T18:29:59+00:00] Removed combatants: Blane
[2026-02-13T18:35:11+00:00] Combatants loaded from file.
[2026-02-13T18:35:11+00:00] Dialog loaded from file.
[2026-02-13T18:36:29+00:00] Updated statuses: Planetar
[2026-02-13T18:37:16+00:00] Created character: Boss Baby
[2026-02-13T18:37:22+00:00] Rolled initiative for all.
[2026-02-13T18:37:22+00:00] Sorted by initiative.
[2026-02-13T18:37:54+00:00] Edited combatant: Boss Baby
[2026-02-13T18:38:14+00:00] Loaded dialog encounter: dialog-test-1
[2026-02-13T18:38:33+00:00] Added new dialog block.
[2026-02-13T19:05:56+00:00] Combatants loaded from file.
[2026-02-13T19:05:56+00:00] Dialog loaded from file.
[2026-02-13T19:06:28+00:00] Adjusted HP for: Planetar (-5)
[2026-02-13T19:06:52+00:00] Edited dialog block 1.
[2026-02-13T19:07:10+00:00] Added new dialog block.
[2026-02-19T02:17:02+00:00] Combatants loaded from file.
[2026-02-19T02:17:02+00:00] Dialog loaded from file.
[2026-02-19T05:17:13+00:00] Combatants loaded from file.
[2026-02-19T05:17:13+00:00] Dialog loaded from file.
